2024-04-27 22:39:02 认证方式  有线认证
2024-04-27 22:39:02 认证网卡  enp2s0
2024-04-27 22:39:02 用户名  2112010215
2024-04-27 22:39:03 寻找认证服务器...
2024-04-27 22:39:03 连接认证服务器...
2024-04-27 22:39:03 正在进行认证...
2024-04-27 22:39:06 寻找认证服务器...
2024-04-27 22:39:06 连接认证服务器...
2024-04-27 22:39:06 正在进行认证...
2024-04-27 22:39:06 认证成功
2024-04-27 22:45:49 退出客户端成功
2024-04-27 22:49:19 认证方式  有线认证
2024-04-27 22:49:19 认证网卡  enp2s0
2024-04-27 22:49:19 用户名  2112010215
2024-04-27 22:49:20 寻找认证服务器...
2024-04-27 22:49:20 连接认证服务器...
2024-04-27 22:49:20 正在进行认证...
2024-04-27 22:49:23 寻找认证服务器...
2024-04-27 22:49:23 连接认证服务器...
2024-04-27 22:49:23 正在进行认证...
2024-04-27 22:49:23 认证成功
2024-04-27 22:52:24 退出客户端成功
2024-04-27 22:52:28 认证方式  有线认证
2024-04-27 22:52:28 认证网卡  enp2s0
2024-04-27 22:52:28 用户名  2112010215
2024-04-27 22:52:29 寻找认证服务器...
2024-04-27 22:52:29 连接认证服务器...
2024-04-27 22:52:29 正在进行认证...
2024-04-27 22:52:32 寻找认证服务器...
2024-04-27 22:52:32 连接认证服务器...
2024-04-27 22:52:32 正在进行认证...
2024-04-27 22:52:32 认证成功
2024-04-27 22:52:48 退出客户端成功
2024-04-27 22:52:53 认证方式  有线认证
2024-04-27 22:52:53 认证网卡  enp2s0
2024-04-27 22:52:53 用户名  2112010215
2024-04-27 22:52:54 寻找认证服务器...
2024-04-27 22:52:54 连接认证服务器...
2024-04-27 22:52:54 正在进行认证...
2024-04-27 22:52:57 寻找认证服务器...
2024-04-27 22:52:57 连接认证服务器...
2024-04-27 22:52:57 正在进行认证...
2024-04-27 22:52:57 认证成功
2024-04-27 22:53:10 退出客户端成功
2024-04-27 22:57:39 认证方式  有线认证
2024-04-27 22:57:39 认证网卡  enp2s0
2024-04-27 22:57:39 用户名  2112010215
2024-04-27 22:57:40 寻找认证服务器...
2024-04-27 22:57:40 连接认证服务器...
2024-04-27 22:57:40 正在进行认证...
2024-04-27 22:57:44 寻找认证服务器...
2024-04-27 22:57:44 连接认证服务器...
2024-04-27 22:57:44 正在进行认证...
2024-04-27 22:57:44 认证成功
2024-04-27 23:00:55 退出客户端成功
2024-04-27 23:01:16 认证方式  有线认证
2024-04-27 23:01:16 认证网卡  enp2s0
2024-04-27 23:01:16 用户名  2112010215
2024-04-27 23:01:17 寻找认证服务器...
2024-04-27 23:01:17 连接认证服务器...
2024-04-27 23:01:17 正在进行认证...
2024-04-27 23:01:20 寻找认证服务器...
2024-04-27 23:01:20 连接认证服务器...
2024-04-27 23:01:20 正在进行认证...
2024-04-27 23:01:20 认证成功
2024-04-27 23:02:37 退出客户端成功
2024-04-27 23:05:23 认证方式  有线认证
2024-04-27 23:05:23 认证网卡  enp2s0
2024-04-27 23:05:23 用户名  2112010215
2024-04-27 23:05:24 寻找认证服务器...
2024-04-27 23:05:24 连接认证服务器...
2024-04-27 23:05:24 正在进行认证...
2024-04-27 23:05:27 寻找认证服务器...
2024-04-27 23:05:27 连接认证服务器...
2024-04-27 23:05:27 正在进行认证...
2024-04-27 23:05:27 认证成功
2024-04-27 23:09:48 退出客户端成功
2024-04-27 23:36:10 认证方式  有线认证
2024-04-27 23:36:10 认证网卡  enp2s0
2024-04-27 23:36:10 用户名  2112010215
2024-04-27 23:36:11 寻找认证服务器...
2024-04-27 23:36:11 连接认证服务器...
2024-04-27 23:36:11 正在进行认证...
2024-04-27 23:36:14 寻找认证服务器...
2024-04-27 23:36:14 连接认证服务器...
2024-04-27 23:36:14 正在进行认证...
2024-04-27 23:36:14 认证成功
2024-04-28 00:12:57 退出客户端成功
2024-04-28 22:21:03 认证方式  有线认证
2024-04-28 22:21:03 认证网卡  enp2s0
2024-04-28 22:21:03 用户名  2112010215
2024-04-28 22:21:04 寻找认证服务器...
2024-04-28 22:21:04 连接认证服务器...
2024-04-28 22:21:04 正在进行认证...
2024-04-28 22:21:08 寻找认证服务器...
2024-04-28 22:21:08 连接认证服务器...
2024-04-28 22:21:08 正在进行认证...
2024-04-28 22:21:08 认证成功
2024-05-14 22:29:55 认证方式  有线认证
2024-05-14 22:29:55 认证网卡  enp2s0
2024-05-14 22:29:55 用户名  2112010215
2024-05-14 22:29:56 寻找认证服务器...
2024-05-14 22:29:56 连接认证服务器...
2024-05-14 22:29:56 正在进行认证...
2024-05-14 22:29:59 寻找认证服务器...
2024-05-14 22:29:59 连接认证服务器...
2024-05-14 22:29:59 正在进行认证...
2024-05-14 22:29:59 认证成功
2024-05-14 22:33:36 退出客户端成功
2024-05-14 22:34:38 认证方式  有线认证
2024-05-14 22:34:38 认证网卡  enp2s0
2024-05-14 22:34:38 用户名  2112010215
2024-05-14 22:34:39 寻找认证服务器...
2024-05-14 22:34:39 连接认证服务器...
2024-05-14 22:34:39 正在进行认证...
2024-05-14 22:34:42 寻找认证服务器...
2024-05-14 22:34:42 连接认证服务器...
2024-05-14 22:34:42 正在进行认证...
2024-05-14 22:34:42 认证成功
2024-05-14 22:40:32 退出客户端成功
2024-08-26 23:02:38 认证方式  有线认证
2024-08-26 23:02:38 认证网卡  enp2s0
2024-08-26 23:02:38 用户名  2112010215
2024-08-26 23:02:39 寻找认证服务器...
2024-08-26 23:02:39 连接认证服务器...
2024-08-26 23:02:39 正在进行认证...
2024-08-26 23:02:42 寻找认证服务器...
2024-08-26 23:02:42 连接认证服务器...
2024-08-26 23:02:42 正在进行认证...
2024-08-26 23:02:42 认证成功
2024-08-26 23:16:33 退出客户端成功
2024-08-26 23:17:36 认证方式  有线认证
2024-08-26 23:17:36 认证网卡  enp2s0
2024-08-26 23:17:36 用户名  2112010215
2024-08-26 23:17:38 寻找认证服务器...
2024-08-26 23:17:38 连接认证服务器...
2024-08-26 23:17:38 正在进行认证...
2024-08-26 23:17:41 寻找认证服务器...
2024-08-26 23:17:41 连接认证服务器...
2024-08-26 23:17:41 正在进行认证...
2024-08-26 23:17:41 认证成功
2025-03-26 22:59:24 认证方式  有线认证
2025-03-26 22:59:24 认证网卡  enp2s0
2025-03-26 22:59:24 用户名  2112010215
2025-03-26 22:59:25 寻找认证服务器...
2025-03-26 22:59:25 连接认证服务器...
2025-03-26 22:59:25 正在进行认证...
2025-03-26 22:59:28 寻找认证服务器...
2025-03-26 22:59:28 连接认证服务器...
2025-03-26 22:59:28 正在进行认证...
2025-03-26 22:59:28 认证成功
2025-03-26 23:01:27 退出客户端成功
2025-03-26 23:17:56 认证方式  有线认证
2025-03-26 23:17:56 认证网卡  enp2s0
2025-03-26 23:17:56 用户名  2112010215
2025-03-26 23:17:57 寻找认证服务器...
2025-03-26 23:17:57 连接认证服务器...
2025-03-26 23:17:57 正在进行认证...
2025-03-26 23:18:01 寻找认证服务器...
2025-03-26 23:18:01 连接认证服务器...
2025-03-26 23:18:01 正在进行认证...
2025-03-26 23:18:01 认证成功
2025-03-26 23:21:52 退出客户端成功
2025-03-26 23:22:22 认证方式  有线认证
2025-03-26 23:22:22 认证网卡  enp2s0
2025-03-26 23:22:22 用户名  2112010215
2025-03-26 23:22:23 寻找认证服务器...
2025-03-26 23:22:23 连接认证服务器...
2025-03-26 23:22:23 正在进行认证...
2025-03-26 23:22:26 寻找认证服务器...
2025-03-26 23:22:26 连接认证服务器...
2025-03-26 23:22:26 正在进行认证...
2025-03-26 23:22:26 认证成功
2025-03-26 23:23:54 退出客户端成功
2025-03-26 23:24:32 认证方式  有线认证
2025-03-26 23:24:32 认证网卡  enp2s0
2025-03-26 23:24:32 用户名  2112010215
2025-03-26 23:24:34 寻找认证服务器...
2025-03-26 23:24:34 连接认证服务器...
2025-03-26 23:24:34 正在进行认证...
2025-03-26 23:24:37 寻找认证服务器...
2025-03-26 23:24:37 连接认证服务器...
2025-03-26 23:24:37 正在进行认证...
2025-03-26 23:24:37 认证成功
2025-03-26 23:27:02 退出客户端成功
2025-03-26 23:27:25 认证方式  有线认证
2025-03-26 23:27:25 认证网卡  enp2s0
2025-03-26 23:27:25 用户名  2112010215
2025-03-26 23:27:26 寻找认证服务器...
2025-03-26 23:27:26 连接认证服务器...
2025-03-26 23:27:26 正在进行认证...
2025-03-26 23:27:29 寻找认证服务器...
2025-03-26 23:27:29 连接认证服务器...
2025-03-26 23:27:29 正在进行认证...
2025-03-26 23:27:29 认证成功
2025-03-26 23:31:28 退出客户端成功
2025-03-26 23:32:03 认证方式  有线认证
2025-03-26 23:32:03 认证网卡  enp2s0
2025-03-26 23:32:03 用户名  2112010215
2025-03-26 23:32:05 寻找认证服务器...
2025-03-26 23:32:05 连接认证服务器...
2025-03-26 23:32:05 正在进行认证...
2025-03-26 23:32:08 寻找认证服务器...
2025-03-26 23:32:08 连接认证服务器...
2025-03-26 23:32:08 正在进行认证...
2025-03-26 23:32:08 认证成功
